#
# There is insufficient memory for the Java Runtime Environment to continue.
# Native memory allocation (malloc) failed to allocate 446560 bytes for Chunk::new
# Possible reasons:
#   The system is out of physical RAM or swap space
#   The process is running with CompressedOops enabled, and the Java Heap may be blocking the growth of the native heap
# Possible solutions:
#   Reduce memory load on the system
#   Increase physical memory or swap space
#   Check if swap backing store is full
#   Decrease Java heap size (-Xmx/-Xms)
#   Decrease number of Java threads
#   Decrease Java thread stack sizes (-Xss)
#   Set larger code cache with -XX:ReservedCodeCacheSize=
#   JVM is running with Unscaled Compressed Oops mode in which the Java heap is
#     placed in the first 4GB address space. The Java Heap base address is the
#     maximum limit for the native heap growth. Please use -XX:HeapBaseMinAddress
#     to set the Java Heap base and to place the Java Heap above 4GB virtual address.
# This output file may be truncated or incomplete.
#
#  Out of Memory Error (./open/src/hotspot/share/memory/arena.cpp:195), pid=7008, tid=19564
#
# JRE version: Java(TM) SE Runtime Environment (15.0.2+7) (build 15.0.2+7-27)
# Java VM: Java HotSpot(TM) 64-Bit Server VM (15.0.2+7-27, mixed mode, sharing, tiered, compressed oops, g1 gc, windows-amd64)
# No core dump will be written. Minidumps are not enabled by default on client versions of Windows
#

---------------  S U M M A R Y ------------

Command Line: -Xmx64m -Xms64m -Dorg.gradle.appname=gradlew org.gradle.wrapper.GradleWrapperMain app:installDebug -PreactNativeDevServerPort=8081

Host: Intel(R) Core(TM) i7-3612QM CPU @ 2.10GHz, 8 cores, 5G,  Windows 10 , 64 bit Build 19041 (10.0.19041.2251)
Time: Sun Dec 18 19:31:04 2022 Türkiye Standart Saati elapsed time: 7.044296 seconds (0d 0h 0m 7s)

---------------  T H R E A D  ---------------

Current thread (0x0000018372408f50):  JavaThread "C2 CompilerThread0" daemon [_thread_in_native, id=19564, stack(0x00000065ea200000,0x00000065ea300000)]


Current CompileTask:
C2:   7044 1213       4       java.io.WinNTFileSystem::normalize (143 bytes)

Stack: [0x00000065ea200000,0x00000065ea300000]
Native frames: (J=compiled Java code, j=interpreted, Vv=VM code, C=native code)
V  [jvm.dll+0x62ae9a]
V  [jvm.dll+0x7817a9]
V  [jvm.dll+0x782f03]
V  [jvm.dll+0x783563]
V  [jvm.dll+0x216325]
V  [jvm.dll+0x97f3a]
V  [jvm.dll+0x9861c]
V  [jvm.dll+0x32e305]
V  [jvm.dll+0x2f768a]
V  [jvm.dll+0x2f6a4a]
V  [jvm.dll+0x1ea705]
V  [jvm.dll+0x1e996e]
V  [jvm.dll+0x178567]
V  [jvm.dll+0x1f9225]
V  [jvm.dll+0x1f72cc]
V  [jvm.dll+0x74495d]
V  [jvm.dll+0x73d75a]
V  [jvm.dll+0x629c56]
C  [ucrtbase.dll+0x21bb2]
C  [KERNEL32.DLL+0x174b4]
C  [ntdll.dll+0x526a1]


---------------  P R O C E S S  ---------------

Threads class SMR info:
_java_thread_list=0x0000018373280050, length=13, elements={
0x0000018357ac9c10, 0x00000183723e06d0, 0x00000183723e11b0, 0x0000018372401d20,
0x00000183724046f0, 0x00000183724051a0, 0x0000018372408f50, 0x000001837240a5a0,
0x000001837240af90, 0x0000018372621670, 0x000001837262def0, 0x00000183730913f0,
0x00000183732ab5a0
}

Java Threads: ( => current thread )
  0x0000018357ac9c10 JavaThread "main" [_thread_in_native, id=19320, stack(0x00000065e9600000,0x00000065e9700000)]
  0x00000183723e06d0 JavaThread "Reference Handler" daemon [_thread_blocked, id=24788, stack(0x00000065e9d00000,0x00000065e9e00000)]
  0x00000183723e11b0 JavaThread "Finalizer" daemon [_thread_blocked, id=18168, stack(0x00000065e9e00000,0x00000065e9f00000)]
  0x0000018372401d20 JavaThread "Signal Dispatcher" daemon [_thread_blocked, id=7792, stack(0x00000065e9f00000,0x00000065ea000000)]
  0x00000183724046f0 JavaThread "Attach Listener" daemon [_thread_blocked, id=21960, stack(0x00000065ea000000,0x00000065ea100000)]
  0x00000183724051a0 JavaThread "Service Thread" daemon [_thread_blocked, id=15928, stack(0x00000065ea100000,0x00000065ea200000)]
=>0x0000018372408f50 JavaThread "C2 CompilerThread0" daemon [_thread_in_native, id=19564, stack(0x00000065ea200000,0x00000065ea300000)]
  0x000001837240a5a0 JavaThread "C1 CompilerThread0" daemon [_thread_blocked, id=17336, stack(0x00000065ea300000,0x00000065ea400000)]
  0x000001837240af90 JavaThread "Sweeper thread" daemon [_thread_blocked, id=5844, stack(0x00000065ea400000,0x00000065ea500000)]
  0x0000018372621670 JavaThread "Notification Thread" daemon [_thread_blocked, id=6088, stack(0x00000065ea500000,0x00000065ea600000)]
  0x000001837262def0 JavaThread "Common-Cleaner" daemon [_thread_blocked, id=5672, stack(0x00000065ea700000,0x00000065ea800000)]
  0x00000183730913f0 JavaThread "pool-1-thread-1" [_thread_blocked, id=23924, stack(0x00000065ea900000,0x00000065eaa00000)]
  0x00000183732ab5a0 JavaThread "C2 CompilerThread1" daemon [_thread_blocked, id=23176, stack(0x00000065eab00000,0x00000065eac00000)]

Other Threads:
  0x0000018357b9e100 VMThread "VM Thread" [stack: 0x00000065e9c00000,0x00000065e9d00000] [id=8696]
  0x0000018372626bb0 WatcherThread [stack: 0x00000065ea600000,0x00000065ea700000] [id=18092]
  0x0000018357ae7b00 GCTaskThread "GC Thread#0" [stack: 0x00000065e9700000,0x00000065e9800000] [id=17464]
  0x00000183730753a0 GCTaskThread "GC Thread#1" [stack: 0x00000065ea800000,0x00000065ea900000] [id=11320]
  0x0000018357ae9450 ConcurrentGCThread "G1 Main Marker" [stack: 0x00000065e9800000,0x00000065e9900000] [id=7544]
  0x0000018357aea040 ConcurrentGCThread "G1 Conc#0" [stack: 0x00000065e9900000,0x00000065e9a00000] [id=16872]
  0x0000018357b48ca0 ConcurrentGCThread "G1 Refine#0" [stack: 0x00000065e9a00000,0x00000065e9b00000] [id=23376]
  0x0000018357b498a0 ConcurrentGCThread "G1 Young RemSet Sampling" [stack: 0x00000065e9b00000,0x00000065e9c00000] [id=19688]

Threads with active compile tasks:
C2 CompilerThread0     7106 1213       4       java.io.WinNTFileSystem::normalize (143 bytes)

VM state: not at safepoint (normal execution)

VM Mutex/Monitor currently owned by a thread: None

Heap address: 0x00000000fc000000, size: 64 MB, Compressed Oops mode: 32-bit
CDS archive(s) mapped at: [0x0000000800000000-0x0000000800b50000-0x0000000800b50000), size 11862016, SharedBaseAddress: 0x0000000800000000, ArchiveRelocationMode: 0.
Compressed class space mapped at: 0x0000000800b50000-0x0000000840b50000, size: 1073741824
Narrow klass base: 0x0000000800000000, Narrow klass shift: 3, Narrow klass range: 0x100000000

GC Precious Log:
 CPUs: 8 total, 8 available
 Memory: 6007M
 Large Page Support: Disabled
 NUMA Support: Disabled
 Compressed Oops: Enabled (32-bit)
 Heap Region Size: 1M
 Heap Min Capacity: 64M
 Heap Initial Capacity: 64M
 Heap Max Capacity: 64M
 Pre-touch: Disabled
 Parallel Workers: 8
 Concurrent Workers: 2
 Concurrent Refinement Workers: 8
 Periodic GC: Disabled

Heap:
 garbage-first heap   total 65536K, used 24893K [0x00000000fc000000, 0x0000000100000000)
  region size 1024K, 19 young (19456K), 3 survivors (3072K)
 Metaspace       used 8482K, capacity 9165K, committed 9472K, reserved 1056768K
  class space    used 1133K, capacity 1224K, committed 1280K, reserved 1048576K

Heap Regions: E=young(eden), S=young(survivor), O=old, HS=humongous(starts), HC=humongous(continues), CS=collection set, F=free, OA=open archive, CA=closed archive, TAMS=top-at-mark-start (previous, next)
|   0|0x00000000fc000000, 0x00000000fc000000, 0x00000000fc100000|  0%| F|  |TAMS 0x00000000fc000000, 0x00000000fc000000| Untracked 
|   1|0x00000000fc100000, 0x00000000fc100000, 0x00000000fc200000|  0%| F|  |TAMS 0x00000000fc100000, 0x00000000fc100000| Untracked 
|   2|0x00000000fc200000, 0x00000000fc200000, 0x00000000fc300000|  0%| F|  |TAMS 0x00000000fc200000, 0x00000000fc200000| Untracked 
|   3|0x00000000fc300000, 0x00000000fc400000, 0x00000000fc400000|100%|HS|  |TAMS 0x00000000fc300000, 0x00000000fc300000| Complete 
|   4|0x00000000fc400000, 0x00000000fc500000, 0x00000000fc500000|100%|HC|  |TAMS 0x00000000fc400000, 0x00000000fc400000| Complete 
|   5|0x00000000fc500000, 0x00000000fc600000, 0x00000000fc600000|100%|HC|  |TAMS 0x00000000fc500000, 0x00000000fc500000| Complete 
|   6|0x00000000fc600000, 0x00000000fc700000, 0x00000000fc700000|100%| O|  |TAMS 0x00000000fc600000, 0x00000000fc600000| Untracked 
|   7|0x00000000fc700000, 0x00000000fc800000, 0x00000000fc800000|100%| O|  |TAMS 0x00000000fc700000, 0x00000000fc700000| Untracked 
|   8|0x00000000fc800000, 0x00000000fc900000, 0x00000000fc900000|100%| O|  |TAMS 0x00000000fc800000, 0x00000000fc800000| Untracked 
|   9|0x00000000fc900000, 0x00000000fc94f600, 0x00000000fca00000| 31%| O|  |TAMS 0x00000000fc900000, 0x00000000fc900000| Untracked 
|  10|0x00000000fca00000, 0x00000000fca00000, 0x00000000fcb00000|  0%| F|  |TAMS 0x00000000fca00000, 0x00000000fca00000| Untracked 
|  11|0x00000000fcb00000, 0x00000000fcb00000, 0x00000000fcc00000|  0%| F|  |TAMS 0x00000000fcb00000, 0x00000000fcb00000| Untracked 
|  12|0x00000000fcc00000, 0x00000000fcc00000, 0x00000000fcd00000|  0%| F|  |TAMS 0x00000000fcc00000, 0x00000000fcc00000| Untracked 
|  13|0x00000000fcd00000, 0x00000000fcd00000, 0x00000000fce00000|  0%| F|  |TAMS 0x00000000fcd00000, 0x00000000fcd00000| Untracked 
|  14|0x00000000fce00000, 0x00000000fce00000, 0x00000000fcf00000|  0%| F|  |TAMS 0x00000000fce00000, 0x00000000fce00000| Untracked 
|  15|0x00000000fcf00000, 0x00000000fcf00000, 0x00000000fd000000|  0%| F|  |TAMS 0x00000000fcf00000, 0x00000000fcf00000| Untracked 
|  16|0x00000000fd000000, 0x00000000fd000000, 0x00000000fd100000|  0%| F|  |TAMS 0x00000000fd000000, 0x00000000fd000000| Untracked 
|  17|0x00000000fd100000, 0x00000000fd100000, 0x00000000fd200000|  0%| F|  |TAMS 0x00000000fd100000, 0x00000000fd100000| Untracked 
|  18|0x00000000fd200000, 0x00000000fd200000, 0x00000000fd300000|  0%| F|  |TAMS 0x00000000fd200000, 0x00000000fd200000| Untracked 
|  19|0x00000000fd300000, 0x00000000fd300000, 0x00000000fd400000|  0%| F|  |TAMS 0x00000000fd300000, 0x00000000fd300000| Untracked 
|  20|0x00000000fd400000, 0x00000000fd400000, 0x00000000fd500000|  0%| F|  |TAMS 0x00000000fd400000, 0x00000000fd400000| Untracked 
|  21|0x00000000fd500000, 0x00000000fd500000, 0x00000000fd600000|  0%| F|  |TAMS 0x00000000fd500000, 0x00000000fd500000| Untracked 
|  22|0x00000000fd600000, 0x00000000fd600000, 0x00000000fd700000|  0%| F|  |TAMS 0x00000000fd600000, 0x00000000fd600000| Untracked 
|  23|0x00000000fd700000, 0x00000000fd700000, 0x00000000fd800000|  0%| F|  |TAMS 0x00000000fd700000, 0x00000000fd700000| Untracked 
|  24|0x00000000fd800000, 0x00000000fd800000, 0x00000000fd900000|  0%| F|  |TAMS 0x00000000fd800000, 0x00000000fd800000| Untracked 
|  25|0x00000000fd900000, 0x00000000fd900000, 0x00000000fda00000|  0%| F|  |TAMS 0x00000000fd900000, 0x00000000fd900000| Untracked 
|  26|0x00000000fda00000, 0x00000000fda00000, 0x00000000fdb00000|  0%| F|  |TAMS 0x00000000fda00000, 0x00000000fda00000| Untracked 
|  27|0x00000000fdb00000, 0x00000000fdb00000, 0x00000000fdc00000|  0%| F|  |TAMS 0x00000000fdb00000, 0x00000000fdb00000| Untracked 
|  28|0x00000000fdc00000, 0x00000000fdc00000, 0x00000000fdd00000|  0%| F|  |TAMS 0x00000000fdc00000, 0x00000000fdc00000| Untracked 
|  29|0x00000000fdd00000, 0x00000000fdd00000, 0x00000000fde00000|  0%| F|  |TAMS 0x00000000fdd00000, 0x00000000fdd00000| Untracked 
|  30|0x00000000fde00000, 0x00000000fde00000, 0x00000000fdf00000|  0%| F|  |TAMS 0x00000000fde00000, 0x00000000fde00000| Untracked 
|  31|0x00000000fdf00000, 0x00000000fdf00000, 0x00000000fe000000|  0%| F|  |TAMS 0x00000000fdf00000, 0x00000000fdf00000| Untracked 
|  32|0x00000000fe000000, 0x00000000fe000000, 0x00000000fe100000|  0%| F|  |TAMS 0x00000000fe000000, 0x00000000fe000000| Untracked 
|  33|0x00000000fe100000, 0x00000000fe100000, 0x00000000fe200000|  0%| F|  |TAMS 0x00000000fe100000, 0x00000000fe100000| Untracked 
|  34|0x00000000fe200000, 0x00000000fe200000, 0x00000000fe300000|  0%| F|  |TAMS 0x00000000fe200000, 0x00000000fe200000| Untracked 
|  35|0x00000000fe300000, 0x00000000fe300000, 0x00000000fe400000|  0%| F|  |TAMS 0x00000000fe300000, 0x00000000fe300000| Untracked 
|  36|0x00000000fe400000, 0x00000000fe400000, 0x00000000fe500000|  0%| F|  |TAMS 0x00000000fe400000, 0x00000000fe400000| Untracked 
|  37|0x00000000fe500000, 0x00000000fe500000, 0x00000000fe600000|  0%| F|  |TAMS 0x00000000fe500000, 0x00000000fe500000| Untracked 
|  38|0x00000000fe600000, 0x00000000fe700000, 0x00000000fe700000|100%| S|CS|TAMS 0x00000000fe600000, 0x00000000fe600000| Complete 
|  39|0x00000000fe700000, 0x00000000fe800000, 0x00000000fe800000|100%| S|CS|TAMS 0x00000000fe700000, 0x00000000fe700000| Complete 
|  40|0x00000000fe800000, 0x00000000fe900000, 0x00000000fe900000|100%| S|CS|TAMS 0x00000000fe800000, 0x00000000fe800000| Complete 
|  41|0x00000000fe900000, 0x00000000fe900000, 0x00000000fea00000|  0%| F|  |TAMS 0x00000000fe900000, 0x00000000fe900000| Untracked 
|  42|0x00000000fea00000, 0x00000000fea00000, 0x00000000feb00000|  0%| F|  |TAMS 0x00000000fea00000, 0x00000000fea00000| Untracked 
|  43|0x00000000feb00000, 0x00000000feb00000, 0x00000000fec00000|  0%| F|  |TAMS 0x00000000feb00000, 0x00000000feb00000| Untracked 
|  44|0x00000000fec00000, 0x00000000fec00000, 0x00000000fed00000|  0%| F|  |TAMS 0x00000000fec00000, 0x00000000fec00000| Untracked 
|  45|0x00000000fed00000, 0x00000000fed00000, 0x00000000fee00000|  0%| F|  |TAMS 0x00000000fed00000, 0x00000000fed00000| Untracked 
|  46|0x00000000fee00000, 0x00000000fee00000, 0x00000000fef00000|  0%| F|  |TAMS 0x00000000fee00000, 0x00000000fee00000| Untracked 
|  47|0x00000000fef00000, 0x00000000fef00000, 0x00000000ff000000|  0%| F|  |TAMS 0x00000000fef00000, 0x00000000fef00000| Untracked 
|  48|0x00000000ff000000, 0x00000000ff071250, 0x00000000ff100000| 44%| E|  |TAMS 0x00000000ff000000, 0x00000000ff000000| Complete 
|  49|0x00000000ff100000, 0x00000000ff200000, 0x00000000ff200000|100%| E|CS|TAMS 0x00000000ff100000, 0x00000000ff100000| Complete 
|  50|0x00000000ff200000, 0x00000000ff300000, 0x00000000ff300000|100%| E|CS|TAMS 0x00000000ff200000, 0x00000000ff200000| Complete 
|  51|0x00000000ff300000, 0x00000000ff400000, 0x00000000ff400000|100%| E|CS|TAMS 0x00000000ff300000, 0x00000000ff300000| Complete 
|  52|0x00000000ff400000, 0x00000000ff500000, 0x00000000ff500000|100%| E|CS|TAMS 0x00000000ff400000, 0x00000000ff400000| Complete 
|  53|0x00000000ff500000, 0x00000000ff600000, 0x00000000ff600000|100%| E|CS|TAMS 0x00000000ff500000, 0x00000000ff500000| Complete 
|  54|0x00000000ff600000, 0x00000000ff700000, 0x00000000ff700000|100%| E|CS|TAMS 0x00000000ff600000, 0x00000000ff600000| Complete 
|  55|0x00000000ff700000, 0x00000000ff800000, 0x00000000ff800000|100%| E|CS|TAMS 0x00000000ff700000, 0x00000000ff700000| Complete 
|  56|0x00000000ff800000, 0x00000000ff900000, 0x00000000ff900000|100%| E|CS|TAMS 0x00000000ff800000, 0x00000000ff800000| Complete 
|  57|0x00000000ff900000, 0x00000000ffa00000, 0x00000000ffa00000|100%| E|CS|TAMS 0x00000000ff900000, 0x00000000ff900000| Complete 
|  58|0x00000000ffa00000, 0x00000000ffb00000, 0x00000000ffb00000|100%| E|CS|TAMS 0x00000000ffa00000, 0x00000000ffa00000| Complete 
|  59|0x00000000ffb00000, 0x00000000ffc00000, 0x00000000ffc00000|100%| E|CS|TAMS 0x00000000ffb00000, 0x00000000ffb00000| Complete 
|  60|0x00000000ffc00000, 0x00000000ffd00000, 0x00000000ffd00000|100%| E|CS|TAMS 0x00000000ffc00000, 0x00000000ffc00000| Complete 
|  61|0x00000000ffd00000, 0x00000000ffe00000, 0x00000000ffe00000|100%| E|CS|TAMS 0x00000000ffd00000, 0x00000000ffd00000| Complete 
|  62|0x00000000ffe00000, 0x00000000fff00000, 0x00000000fff00000|100%| E|CS|TAMS 0x00000000ffe00000, 0x00000000ffe00000| Complete 
|  63|0x00000000fff00000, 0x0000000100000000, 0x0000000100000000|100%| E|CS|TAMS 0x00000000fff00000, 0x00000000fff00000| Complete 

Card table byte_map: [0x00000183579f0000,0x0000018357a10000] _byte_map_base: 0x0000018357210000

Marking Bits (Prev, Next): (CMBitMap*) 0x0000018357ae82f0, (CMBitMap*) 0x0000018357ae8330
 Prev Bits: [0x000001836f030000, 0x000001836f130000)
 Next Bits: [0x000001836f130000, 0x000001836f230000)

Polling page: 0x00000183559c0000

Metaspace:

Usage:
  Non-class:      7.75 MB capacity,     7.18 MB ( 93%) used,   582.78 KB (  7%) free+waste,     9.38 KB ( <1%) overhead. 
      Class:      1.20 MB capacity,     1.11 MB ( 93%) used,    85.45 KB (  7%) free+waste,     5.00 KB ( <1%) overhead. 
       Both:      8.95 MB capacity,     8.28 MB ( 93%) used,   668.23 KB (  7%) free+waste,    14.38 KB ( <1%) overhead. 

Virtual space:
  Non-class space:        8.00 MB reserved,       8.00 MB (100%) committed 
      Class space:        1.00 GB reserved,       1.25 MB ( <1%) committed 
             Both:        1.01 GB reserved,       9.25 MB ( <1%) committed 

Chunk freelists:
   Non-Class:  59.00 KB
       Class:  24.00 KB
        Both:  83.00 KB

MaxMetaspaceSize: 17179869184.00 GB
CompressedClassSpaceSize: 1.00 GB

CodeHeap 'non-profiled nmethods': size=120000Kb used=436Kb max_used=436Kb free=119563Kb
 bounds [0x00000183677d0000, 0x0000018367a40000, 0x000001836ed00000]
CodeHeap 'profiled nmethods': size=120000Kb used=2262Kb max_used=2262Kb free=117737Kb
 bounds [0x00000183602a0000, 0x0000018360510000, 0x00000183677d0000]
CodeHeap 'non-nmethods': size=5760Kb used=1178Kb max_used=1192Kb free=4581Kb
 bounds [0x000001835fd00000, 0x000001835ff70000, 0x00000183602a0000]
 total_blobs=1684 nmethods=1244 adapters=353
 compilation: enabled
              stopped_count=0, restarted_count=0
 full_count=0

Compilation events (20 events):
Event: 6.998 Thread 0x000001837240a5a0 1216       3       java.lang.invoke.MethodHandles$Lookup::checkAccess (232 bytes)
Event: 7.002 Thread 0x000001837240a5a0 nmethod 1216 0x00000183604cb410 code [0x00000183604cb7c0, 0x00000183604ccff8]
Event: 7.002 Thread 0x000001837240a5a0 1219   !   3       java.nio.DirectIntBufferU::get (33 bytes)
Event: 7.003 Thread 0x000001837240a5a0 nmethod 1219 0x00000183604cd710 code [0x00000183604cd8e0, 0x00000183604cdc58]
Event: 7.003 Thread 0x000001837240a5a0 1220       3       java.nio.DirectIntBufferU::ix (10 bytes)
Event: 7.003 Thread 0x000001837240a5a0 nmethod 1220 0x00000183604cde90 code [0x00000183604ce020, 0x00000183604ce138]
Event: 7.003 Thread 0x000001837240a5a0 1218       3       java.nio.ByteOrder::nativeOrder (4 bytes)
Event: 7.004 Thread 0x000001837240a5a0 nmethod 1218 0x00000183604ce210 code [0x00000183604ce3a0, 0x00000183604ce498]
Event: 7.004 Thread 0x000001837240a5a0 1222       3       java.nio.ByteBuffer::<init> (47 bytes)
Event: 7.004 Thread 0x000001837240a5a0 nmethod 1222 0x00000183604ce510 code [0x00000183604ce6c0, 0x00000183604ce8c8]
Event: 7.004 Thread 0x000001837240a5a0 1217       3       jdk.internal.reflect.MagicAccessorImpl::<init> (5 bytes)
Event: 7.004 Thread 0x000001837240a5a0 nmethod 1217 0x00000183604cea10 code [0x00000183604ceba0, 0x00000183604cecf8]
Event: 7.008 Thread 0x000001837240a5a0 1225       3       java.lang.invoke.MethodHandles$Lookup::checkSymbolicClass (25 bytes)
Event: 7.009 Thread 0x000001837240a5a0 nmethod 1225 0x00000183604ced90 code [0x00000183604cef60, 0x00000183604cf1c8]
Event: 7.009 Thread 0x000001837240a5a0 1226       1       java.lang.invoke.InfoFromMemberName::getReferenceKind (5 bytes)
Event: 7.009 Thread 0x000001837240a5a0 nmethod 1226 0x000001836783aa90 code [0x000001836783ac20, 0x000001836783acd8]
Event: 7.011 Thread 0x000001837240a5a0 1227       3       java.lang.AbstractStringBuilder::append (45 bytes)
Event: 7.012 Thread 0x000001837240a5a0 nmethod 1227 0x00000183604cf310 code [0x00000183604cf520, 0x00000183604cfa38]
Event: 7.019 Thread 0x000001837240a5a0 1228       1       java.util.concurrent.locks.AbstractOwnableSynchronizer::setExclusiveOwnerThread (6 bytes)
Event: 7.019 Thread 0x000001837240a5a0 nmethod 1228 0x000001836783ad90 code [0x000001836783af20, 0x000001836783b018]

GC Heap History (2 events):
Event: 5.582 GC heap before
{Heap before GC invocations=0 (full 0):
 garbage-first heap   total 65536K, used 28672K [0x00000000fc000000, 0x0000000100000000)
  region size 1024K, 23 young (23552K), 0 survivors (0K)
 Metaspace       used 3790K, capacity 6279K, committed 6400K, reserved 1056768K
  class space    used 465K, capacity 705K, committed 768K, reserved 1048576K
}
Event: 5.601 GC heap after
{Heap after GC invocations=1 (full 0):
 garbage-first heap   total 65536K, used 9533K [0x00000000fc000000, 0x0000000100000000)
  region size 1024K, 3 young (3072K), 3 survivors (3072K)
 Metaspace       used 3790K, capacity 6279K, committed 6400K, reserved 1056768K
  class space    used 465K, capacity 705K, committed 768K, reserved 1048576K
}

Deoptimization events (20 events):
Event: 6.055 Thread 0x0000018357ac9c10 DEOPT PACKING pc=0x000001836781e6a8 sp=0x00000065e96fcd60
Event: 6.055 Thread 0x0000018357ac9c10 DEOPT UNPACKING pc=0x000001835fd4e42f sp=0x00000065e96fcc08 mode 2
Event: 6.055 Thread 0x0000018357ac9c10 Uncommon trap: trap_request=0xffffff45 fr.pc=0x000001836780afb4 relative=0x0000000000000474
Event: 6.055 Thread 0x0000018357ac9c10 Uncommon trap: reason=unstable_if action=reinterpret pc=0x000001836780afb4 method=java.util.HashMap.hash(Ljava/lang/Object;)I @ 1 c2
Event: 6.055 Thread 0x0000018357ac9c10 DEOPT PACKING pc=0x000001836780afb4 sp=0x00000065e96fccf0
Event: 6.055 Thread 0x0000018357ac9c10 DEOPT UNPACKING pc=0x000001835fd4e42f sp=0x00000065e96fcc08 mode 2
Event: 6.104 Thread 0x0000018357ac9c10 DEOPT PACKING pc=0x00000183602faad0 sp=0x00000065e96fc0c0
Event: 6.104 Thread 0x0000018357ac9c10 DEOPT UNPACKING pc=0x000001835fd4e23f sp=0x00000065e96fb548 mode 0
Event: 6.361 Thread 0x0000018357ac9c10 DEOPT PACKING pc=0x000001836035245f sp=0x00000065e96f6950
Event: 6.361 Thread 0x0000018357ac9c10 DEOPT UNPACKING pc=0x000001835fd4e23f sp=0x00000065e96f5da0 mode 0
Event: 6.363 Thread 0x0000018357ac9c10 DEOPT PACKING pc=0x000001836039ba90 sp=0x00000065e96fa3a0
Event: 6.363 Thread 0x0000018357ac9c10 DEOPT UNPACKING pc=0x000001835fd4e23f sp=0x00000065e96f98b8 mode 0
Event: 6.991 Thread 0x0000018357ac9c10 Uncommon trap: trap_request=0xffffff45 fr.pc=0x0000018367806698 relative=0x0000000000000558
Event: 6.991 Thread 0x0000018357ac9c10 Uncommon trap: reason=unstable_if action=reinterpret pc=0x0000018367806698 method=java.lang.AbstractStringBuilder.append(Ljava/lang/String;)Ljava/lang/AbstractStringBuilder; @ 1 c2
Event: 6.991 Thread 0x0000018357ac9c10 DEOPT PACKING pc=0x0000018367806698 sp=0x00000065e96fc8f0
Event: 6.991 Thread 0x0000018357ac9c10 DEOPT UNPACKING pc=0x000001835fd4e42f sp=0x00000065e96fc870 mode 2
Event: 6.992 Thread 0x0000018357ac9c10 Uncommon trap: trap_request=0xffffff45 fr.pc=0x000001836780a5a0 relative=0x0000000000000560
Event: 6.992 Thread 0x0000018357ac9c10 Uncommon trap: reason=unstable_if action=reinterpret pc=0x000001836780a5a0 method=java.lang.AbstractStringBuilder.append(Ljava/lang/String;)Ljava/lang/AbstractStringBuilder; @ 1 c2
Event: 6.992 Thread 0x0000018357ac9c10 DEOPT PACKING pc=0x000001836780a5a0 sp=0x00000065e96fc890
Event: 6.992 Thread 0x0000018357ac9c10 DEOPT UNPACKING pc=0x000001835fd4e42f sp=0x00000065e96fc878 mode 2

Classes unloaded (0 events):
No events

Classes redefined (0 events):
No events

Internal exceptions (20 events):
Event: 5.138 Thread 0x0000018357ac9c10 Exception <a 'java/lang/NoSuchMethodError'{0x00000000fec3aa68}: 'void java.lang.invoke.DirectMethodHandle$Holder.invokeSpecial(java.lang.Object, java.lang.Object, java.lang.Object)'> (0x00000000fec3aa68) 
thrown [./open/src/hotspot/share/interpreter/linkResolver.cpp, line 782]
Event: 5.532 Thread 0x0000018357ac9c10 Exception <a 'java/lang/NoClassDefFoundError'{0x00000000fe95ed90}: org/slf4j/impl/StaticMarkerBinder> (0x00000000fe95ed90) 
thrown [./open/src/hotspot/share/classfile/systemDictionary.cpp, line 284]
Event: 5.605 Thread 0x0000018357ac9c10 Exception <a 'java/lang/NoSuchMethodError'{0x00000000fff06080}: 'java.lang.Object java.lang.invoke.DirectMethodHandle$Holder.invokeVirtual(java.lang.Object, java.lang.Object, java.lang.Object, java.lang.Object, java.lang.Object, java.lang.Object, java.lang.Object)'> (0x00000000fff06080) 
thrown [./open/src/hotspot/share/interpreter/linkResolver.cpp, line 782]
Event: 5.612 Thread 0x0000018357ac9c10 Exception <a 'java/lang/NoSuchMethodError'{0x00000000fff18708}: 'java.lang.Object java.lang.invoke.Invokers$Holder.invoker(java.lang.Object, java.lang.Object, java.lang.Object)'> (0x00000000fff18708) 
thrown [./open/src/hotspot/share/interpreter/linkResolver.cpp, line 782]
Event: 5.620 Thread 0x0000018357ac9c10 Exception <a 'java/lang/NoSuchMethodError'{0x00000000fff22be8}: 'java.lang.Object java.lang.invoke.DirectMethodHandle$Holder.invokeStatic(java.lang.Object, java.lang.Object, int)'> (0x00000000fff22be8) 
thrown [./open/src/hotspot/share/interpreter/linkResolver.cpp, line 782]
Event: 5.624 Thread 0x0000018357ac9c10 Exception <a 'java/lang/NoSuchMethodError'{0x00000000fff2ecb0}: 'void java.lang.invoke.DelegatingMethodHandle$Holder.delegate(java.lang.Object, java.lang.Object, int, java.lang.Object)'> (0x00000000fff2ecb0) 
thrown [./open/src/hotspot/share/interpreter/linkResolver.cpp, line 782]
Event: 5.626 Thread 0x0000018357ac9c10 Exception <a 'java/lang/NoSuchMethodError'{0x00000000fff32f10}: 'int java.lang.invoke.DirectMethodHandle$Holder.invokeSpecial(java.lang.Object, java.lang.Object, java.lang.Object)'> (0x00000000fff32f10) 
thrown [./open/src/hotspot/share/interpreter/linkResolver.cpp, line 782]
Event: 5.637 Thread 0x0000018357ac9c10 Exception <a 'java/lang/NoSuchMethodError'{0x00000000fff46a38}: 'java.lang.Object java.lang.invoke.Invokers$Holder.invokeExact_MT(java.lang.Object, java.lang.Object, java.lang.Object, java.lang.Object)'> (0x00000000fff46a38) 
thrown [./open/src/hotspot/share/interpreter/linkResolver.cpp, line 782]
Event: 5.984 Thread 0x0000018357ac9c10 Exception <a 'java/lang/NoSuchMethodError'{0x00000000ff93b2c8}: 'java.lang.Object java.lang.invoke.DirectMethodHandle$Holder.invokeInterface(java.lang.Object, java.lang.Object, java.lang.Object)'> (0x00000000ff93b2c8) 
thrown [./open/src/hotspot/share/interpreter/linkResolver.cpp, line 782]
Event: 6.055 Thread 0x0000018357ac9c10 Implicit null exception at 0x000001836781e293 to 0x000001836781e690
Event: 6.055 Thread 0x0000018357ac9c10 Implicit null exception at 0x000001836780ab93 to 0x000001836780af9c
Event: 6.163 Thread 0x0000018357ac9c10 Exception <a 'java/lang/NoSuchMethodError'{0x00000000ff740a08}: 'java.lang.Object java.lang.invoke.DirectMethodHandle$Holder.invokeStatic(java.lang.Object)'> (0x00000000ff740a08) 
thrown [./open/src/hotspot/share/interpreter/linkResolver.cpp, line 782]
Event: 6.164 Thread 0x0000018357ac9c10 Exception <a 'java/lang/NoSuchMethodError'{0x00000000ff744320}: 'java.lang.Object java.lang.invoke.DirectMethodHandle$Holder.invokeStaticInit(java.lang.Object)'> (0x00000000ff744320) 
thrown [./open/src/hotspot/share/interpreter/linkResolver.cpp, line 782]
Event: 6.269 Thread 0x0000018357ac9c10 Exception <a 'java/lang/NoSuchMethodError'{0x00000000ff763a10}: 'java.lang.Object java.lang.invoke.DirectMethodHandle$Holder.invokeInterface(java.lang.Object, java.lang.Object)'> (0x00000000ff763a10) 
thrown [./open/src/hotspot/share/interpreter/linkResolver.cpp, line 782]
Event: 6.271 Thread 0x0000018357ac9c10 Exception <a 'java/lang/NoSuchMethodError'{0x00000000ff76c348}: 'java.lang.Object java.lang.invoke.DirectMethodHandle$Holder.invokeStaticInit(java.lang.Object, java.lang.Object, java.lang.Object)'> (0x00000000ff76c348) 
thrown [./open/src/hotspot/share/interpreter/linkResolver.cpp, line 782]
Event: 6.486 Thread 0x0000018357ac9c10 Exception <a 'java/lang/NoSuchMethodError'{0x00000000ff3714c8}: 'java.lang.Object java.lang.invoke.DirectMethodHandle$Holder.invokeStaticInit(java.lang.Object, int, int, int, int)'> (0x00000000ff3714c8) 
thrown [./open/src/hotspot/share/interpreter/linkResolver.cpp, line 782]
Event: 6.675 Thread 0x0000018357ac9c10 Exception <a 'java/lang/NoSuchMethodError'{0x00000000ff2413a0}: 'java.lang.Object java.lang.invoke.DirectMethodHandle$Holder.invokeStaticInit(java.lang.Object, java.lang.Object, int, int, int, int)'> (0x00000000ff2413a0) 
thrown [./open/src/hotspot/share/interpreter/linkResolver.cpp, line 782]
Event: 6.952 Thread 0x0000018357ac9c10 Exception <a 'java/lang/NoSuchMethodError'{0x00000000ff270350}: 'void java.lang.invoke.DirectMethodHandle$Holder.invokeStatic(java.lang.Object, java.lang.Object, java.lang.Object)'> (0x00000000ff270350) 
thrown [./open/src/hotspot/share/interpreter/linkResolver.cpp, line 782]
Event: 6.991 Thread 0x0000018357ac9c10 Implicit null exception at 0x0000018367806174 to 0x0000018367806684
Event: 6.992 Thread 0x0000018357ac9c10 Implicit null exception at 0x000001836780a074 to 0x000001836780a58c

Events (20 events):
Event: 7.030 loading class sun/nio/ch/WindowsSelectorImpl$FinishLock
Event: 7.030 loading class sun/nio/ch/WindowsSelectorImpl$FinishLock done
Event: 7.030 loading class sun/nio/ch/PollArrayWrapper
Event: 7.031 loading class sun/nio/ch/PollArrayWrapper done
Event: 7.031 loading class sun/nio/ch/AllocatedNativeObject
Event: 7.032 loading class sun/nio/ch/NativeObject
Event: 7.032 loading class sun/nio/ch/NativeObject done
Event: 7.032 loading class sun/nio/ch/AllocatedNativeObject done
Event: 7.032 loading class java/nio/channels/Pipe
Event: 7.032 loading class java/nio/channels/Pipe done
Event: 7.032 loading class sun/nio/ch/PipeImpl
Event: 7.033 loading class sun/nio/ch/PipeImpl done
Event: 7.033 loading class sun/nio/ch/PipeImpl$Initializer
Event: 7.033 loading class sun/nio/ch/PipeImpl$Initializer done
Event: 7.033 loading class sun/nio/ch/PipeImpl$Initializer$LoopbackConnector
Event: 7.034 loading class sun/nio/ch/PipeImpl$Initializer$LoopbackConnector done
Event: 7.034 loading class java/nio/channels/ServerSocketChannel
Event: 7.034 loading class java/nio/channels/ServerSocketChannel done
Event: 7.035 loading class sun/nio/ch/ServerSocketChannelImpl
Event: 7.036 loading class sun/nio/ch/ServerSocketChannelImpl done


Dynamic libraries:
0x00007ff69d460000 - 0x00007ff69d46f000 	C:\Program Files\java\jdk-15.0.2\bin\java.exe
0x00007ffdce330000 - 0x00007ffdce528000 	C:\Windows\SYSTEM32\ntdll.dll
0x00007ffdcd410000 - 0x00007ffdcd4cf000 	C:\Windows\System32\KERNEL32.DLL
0x00007ffdcbb70000 - 0x00007ffdcbe42000 	C:\Windows\System32\KERNELBASE.dll
0x00007ffdcc210000 - 0x00007ffdcc310000 	C:\Windows\System32\ucrtbase.dll
0x00007ffdc7720000 - 0x00007ffdc7738000 	C:\Program Files\java\jdk-15.0.2\bin\jli.dll
0x00007ffdc7700000 - 0x00007ffdc7719000 	C:\Program Files\java\jdk-15.0.2\bin\VCRUNTIME140.dll
0x00007ffdcdb20000 - 0x00007ffdcdbce000 	C:\Windows\System32\ADVAPI32.dll
0x00007ffdccb30000 - 0x00007ffdccbce000 	C:\Windows\System32\msvcrt.dll
0x00007ffdcdc90000 - 0x00007ffdcdd2c000 	C:\Windows\System32\sechost.dll
0x00007ffdcd4d0000 - 0x00007ffdcd5f5000 	C:\Windows\System32\RPCRT4.dll
0x00007ffdcd1f0000 - 0x00007ffdcd38d000 	C:\Windows\System32\USER32.dll
0x00007ffdcc030000 - 0x00007ffdcc052000 	C:\Windows\System32\win32u.dll
0x00007ffdb27d0000 - 0x00007ffdb2a6a000 	C:\Windows\WinSxS\amd64_microsoft.windows.common-controls_6595b64144ccf1df_6.0.19041.1110_none_60b5254171f9507e\COMCTL32.dll
0x00007ffdcd1c0000 - 0x00007ffdcd1eb000 	C:\Windows\System32\GDI32.dll
0x00007ffdcba30000 - 0x00007ffdcbb3f000 	C:\Windows\System32\gdi32full.dll
0x00007ffdcbee0000 - 0x00007ffdcbf7d000 	C:\Windows\System32\msvcp_win.dll
0x00007ffdbdd10000 - 0x00007ffdbdd1a000 	C:\Windows\SYSTEM32\VERSION.dll
0x00007ffdcd8a0000 - 0x00007ffdcd8d2000 	C:\Windows\System32\IMM32.DLL
0x00007ffdc7820000 - 0x00007ffdc782c000 	C:\Program Files\java\jdk-15.0.2\bin\vcruntime140_1.dll
0x00007ffd95040000 - 0x00007ffd950d1000 	C:\Program Files\java\jdk-15.0.2\bin\msvcp140.dll
0x00007ffd7eb50000 - 0x00007ffd7f6ae000 	C:\Program Files\java\jdk-15.0.2\bin\server\jvm.dll
0x00007ffdcd880000 - 0x00007ffdcd888000 	C:\Windows\System32\PSAPI.DLL
0x00007ffdbf940000 - 0x00007ffdbf949000 	C:\Windows\SYSTEM32\WSOCK32.dll
0x00007ffdbe440000 - 0x00007ffdbe467000 	C:\Windows\SYSTEM32\WINMM.dll
0x00007ffdcd600000 - 0x00007ffdcd66b000 	C:\Windows\System32\ws2_32.DLL
0x00007ffdca270000 - 0x00007ffdca282000 	C:\Windows\SYSTEM32\kernel.appcore.dll
0x00007ffdae450000 - 0x00007ffdae45a000 	C:\Program Files\java\jdk-15.0.2\bin\jimage.dll
0x00007ffdbe470000 - 0x00007ffdbe654000 	C:\Windows\SYSTEM32\DBGHELP.DLL
0x00007ffdbe1d0000 - 0x00007ffdbe1fc000 	C:\Windows\SYSTEM32\dbgcore.DLL
0x00007ffdcbe50000 - 0x00007ffdcbed2000 	C:\Windows\System32\bcryptPrimitives.dll
0x00007ffdae420000 - 0x00007ffdae445000 	C:\Program Files\java\jdk-15.0.2\bin\java.dll
0x00007ffdcc3e0000 - 0x00007ffdccb23000 	C:\Windows\System32\SHELL32.dll
0x00007ffdc99c0000 - 0x00007ffdca152000 	C:\Windows\SYSTEM32\windows.storage.dll
0x00007ffdcce60000 - 0x00007ffdcd1b4000 	C:\Windows\System32\combase.dll
0x00007ffdcb3b0000 - 0x00007ffdcb3e0000 	C:\Windows\SYSTEM32\Wldp.dll
0x00007ffdccbd0000 - 0x00007ffdccc7d000 	C:\Windows\System32\SHCORE.dll
0x00007ffdcd820000 - 0x00007ffdcd875000 	C:\Windows\System32\shlwapi.dll
0x00007ffdcb970000 - 0x00007ffdcb98f000 	C:\Windows\SYSTEM32\profapi.dll
0x00007ffdae400000 - 0x00007ffdae419000 	C:\Program Files\java\jdk-15.0.2\bin\net.dll
0x00007ffdc2c50000 - 0x00007ffdc2d5c000 	C:\Windows\SYSTEM32\WINHTTP.dll
0x00007ffdcb190000 - 0x00007ffdcb1fa000 	C:\Windows\system32\mswsock.dll
0x00007ffdace30000 - 0x00007ffdace42000 	C:\Program Files\java\jdk-15.0.2\bin\nio.dll
0x00007ffdac2a0000 - 0x00007ffdac2b8000 	C:\Program Files\java\jdk-15.0.2\bin\zip.dll
0x00007ffdad590000 - 0x00007ffdad5a0000 	C:\Program Files\java\jdk-15.0.2\bin\verify.dll
0x00007ffda6300000 - 0x00007ffda6327000 	C:\Users\KadirKara\.gradle\native\e1d6ef7f7dcc3fd88c89a11ec53ec762bb8ba0a96d01ffa2cd45eb1d1d8dd5c5\windows-amd64\native-platform.dll
0x00007ffdb0240000 - 0x00007ffdb024a000 	C:\Users\KadirKara\.gradle\native\jansi\1.18\windows64\jansi.dll
0x00007ffdad0b0000 - 0x00007ffdad0b9000 	C:\Program Files\java\jdk-15.0.2\bin\management.dll
0x00007ffdacfb0000 - 0x00007ffdacfbb000 	C:\Program Files\java\jdk-15.0.2\bin\management_ext.dll
0x00007ffdcb3f0000 - 0x00007ffdcb408000 	C:\Windows\SYSTEM32\CRYPTSP.dll
0x00007ffdcaa60000 - 0x00007ffdcaa94000 	C:\Windows\system32\rsaenh.dll
0x00007ffdcbb40000 - 0x00007ffdcbb67000 	C:\Windows\System32\bcrypt.dll
0x00007ffdcb930000 - 0x00007ffdcb95e000 	C:\Windows\SYSTEM32\USERENV.dll
0x00007ffdcb320000 - 0x00007ffdcb32c000 	C:\Windows\SYSTEM32\CRYPTBASE.dll
0x00007ffdcae50000 - 0x00007ffdcae8b000 	C:\Windows\SYSTEM32\IPHLPAPI.DLL
0x00007ffdcdbd0000 - 0x00007ffdcdbd8000 	C:\Windows\System32\NSI.dll
0x00007ffdc59b0000 - 0x00007ffdc59c7000 	C:\Windows\SYSTEM32\dhcpcsvc6.DLL
0x00007ffdc58c0000 - 0x00007ffdc58dd000 	C:\Windows\SYSTEM32\dhcpcsvc.DLL
0x00007ffdcaea0000 - 0x00007ffdcaf6a000 	C:\Windows\SYSTEM32\DNSAPI.dll

dbghelp: loaded successfully - version: 4.0.5 - missing functions: none
symbol engine: initialized successfully - sym options: 0x614 - pdb path: .;C:\Program Files\java\jdk-15.0.2\bin;C:\Windows\SYSTEM32;C:\Windows\WinSxS\amd64_microsoft.windows.common-controls_6595b64144ccf1df_6.0.19041.1110_none_60b5254171f9507e;C:\Program Files\java\jdk-15.0.2\bin\server;C:\Users\KadirKara\.gradle\native\e1d6ef7f7dcc3fd88c89a11ec53ec762bb8ba0a96d01ffa2cd45eb1d1d8dd5c5\windows-amd64;C:\Users\KadirKara\.gradle\native\jansi\1.18\windows64

VM Arguments:
jvm_args: -Xmx64m -Xms64m -Dorg.gradle.appname=gradlew 
java_command: org.gradle.wrapper.GradleWrapperMain app:installDebug -PreactNativeDevServerPort=8081
java_class_path (initial): C:\Users\KadirKara\Desktop\react-native\mybooks\android\\gradle\wrapper\gradle-wrapper.jar
Launcher Type: SUN_STANDARD

[Global flags]
     intx CICompilerCount                          = 4                                         {product} {ergonomic}
     uint ConcGCThreads                            = 2                                         {product} {ergonomic}
     uint G1ConcRefinementThreads                  = 8                                         {product} {ergonomic}
   size_t G1HeapRegionSize                         = 1048576                                   {product} {ergonomic}
    uintx GCDrainStackTargetSize                   = 64                                        {product} {ergonomic}
   size_t InitialHeapSize                          = 67108864                                  {product} {command line}
   size_t MarkStackSize                            = 4194304                                   {product} {ergonomic}
   size_t MaxHeapSize                              = 67108864                                  {product} {command line}
   size_t MaxNewSize                               = 39845888                                  {product} {ergonomic}
   size_t MinHeapDeltaBytes                        = 1048576                                   {product} {ergonomic}
   size_t MinHeapSize                              = 67108864                                  {product} {command line}
    uintx NonNMethodCodeHeapSize                   = 5839372                                {pd product} {ergonomic}
    uintx NonProfiledCodeHeapSize                  = 122909434                              {pd product} {ergonomic}
    uintx ProfiledCodeHeapSize                     = 122909434                              {pd product} {ergonomic}
    uintx ReservedCodeCacheSize                    = 251658240                              {pd product} {ergonomic}
     bool SegmentedCodeCache                       = true                                      {product} {ergonomic}
   size_t SoftMaxHeapSize                          = 67108864                               {manageable} {ergonomic}
     bool UseCompressedClassPointers               = true                                 {lp64_product} {ergonomic}
     bool UseCompressedOops                        = true                                 {lp64_product} {ergonomic}
     bool UseG1GC                                  = true                                      {product} {ergonomic}
     bool UseLargePagesIndividualAllocation        = false                                  {pd product} {ergonomic}

Logging:
Log output configuration:
 #0: stdout all=warning uptime,level,tags
 #1: stderr all=off uptime,level,tags

Environment Variables:
JAVA_HOME=C:\Program Files\java\jdk-15.0.2
CLASSPATH=C:\Users\KadirKara\Desktop\react-native\mybooks\android\\gradle\wrapper\gradle-wrapper.jar
PATH=C:\Users\KadirKara\Desktop\react-native\mybooks\android\node_modules\.bin;C:\Users\KadirKara\Desktop\react-native\mybooks\node_modules\.bin;C:\Users\KadirKara\Desktop\react-native\node_modules\.bin;C:\Users\KadirKara\Desktop\node_modules\.bin;C:\Users\KadirKara\node_modules\.bin;C:\Users\node_modules\.bin;C:\node_modules\.bin;C:\Program Files\nodejs;C:\Users\KadirKara\Desktop\react-native\mybooks\node_modules\.bin;C:\Users\KadirKara\Desktop\react-native\node_modules\.bin;C:\Users\KadirKara\Desktop\node_modules\.bin;C:\Users\KadirKara\node_modules\.bin;C:\Users\node_modules\.bin;C:\node_modules\.bin;C:\Users\KadirKara\AppData\Roaming\npm\node_modules\npm\node_modules\@npmcli\run-script\lib\node-gyp-bin;C:\Program Files\Common Files\Oracle\Java\javapath;C:\Windows\system32;C:\Windows;C:\Windows\System32\Wbem;C:\Windows\System32\WindowsPowerShell\v1.0\;C:\Windows\System32\OpenSSH\;C:\Program Files\Git\cmd;C:\Program Files\dotnet\;C:\Program Files\Microsoft SQL Server\130\Tools\Binn\;C:\Program Files\Microsoft SQL Server\Client SDK\ODBC\170\Tools\Binn\;C:\Program Files (x86)\Microsoft SQL Server\150\Tools\Binn\;C:\Program Files\Microsoft SQL Server\150\Tools\Binn\;C:\Program Files\Microsoft SQL Server\150\DTS\Binn\;C:\Program Files (x86)\Microsoft SQL Server\150\DTS\Binn\;C:\Program Files\Azure Data Studio\bin;C:\Program Files (x86)\dotnet\;C:\Program Files\java\jdk-11.0.2\bin;C:\Program Files\Redis;C:\Program Files\PostgreSQL\14\bin;C:\Program Files\MongoDB\Server\5.0\bin;C:\Program Files\nodejs\;C:\Program Files\hasura;;C:\Program Files\Docker\Docker\resources\bin;C:\ProgramData\DockerDesktop\version-bin;C:\Users\KadirKara\AppData\Local\Microsoft\WindowsApps;C:\Users\KADÝR\AppData\Local\Programs\Microsoft VS Code\bin;C:\Users\KADÝR\AppData\Roaming\npm;C:\Users\KadirKara\.dotnet\tools;C:\Program Files\Azure Data Studio\bin;C:\Users\KadirKara\AppData\Local\GitHubDesktop\bin;C:\Program Files\JetBrains\IntelliJ IDEA Community Edition 2021.2.2\bin;;C:\Program Files\herok
USERNAME=kadir
LANG=en_US.UTF-8
OS=Windows_NT
PROCESSOR_IDENTIFIER=Intel64 Family 6 Model 58 Stepping 9, GenuineIntel



---------------  S Y S T E M  ---------------

OS:
 Windows 10 , 64 bit Build 19041 (10.0.19041.2251)
OS uptime: 21 days 1:15 hours
HyperV virtualization detected

CPU: total 8 (initial active 8) (4 cores per cpu, 2 threads per core) family 6 model 58 stepping 9 microcode 0x21, cmov, cx8, fxsr, mmx, sse, sse2, sse3, ssse3, sse4.1, sse4.2, popcnt, vzeroupper, avx, aes, clmul, erms, ht, tsc, tscinvbit, tscinv, clflush

Memory: 4k page, system-wide physical 6007M (1005M free)
TotalPageFile size 24439M (AvailPageFile size 1M)
current process WorkingSet (physical memory assigned to process): 90M, peak: 90M
current process commit charge ("private bytes"): 165M, peak: 165M

vm_info: Java HotSpot(TM) 64-Bit Server VM (15.0.2+7-27) for windows-amd64 JRE (15.0.2+7-27), built on Dec  7 2020 20:07:01 by "mach5one" with unknown MS VC++:1925

END.
